WARNING:tensorflow:
The TensorFlow contrib module will not be included in TensorFlow 2.0.
For more information, please see:
  * https://github.com/tensorflow/community/blob/master/rfcs/20180907-contrib-sunset.md
  * https://github.com/tensorflow/addons
  * https://github.com/tensorflow/io (for I/O related ops)
If you depend on functionality not listed there, please file an issue.

/home/matthias/Data/Ubuntu/git/DISN/models/models
pid: 24242
Namespace(alpha=False, augcolorback=False, augcolorfore=False, backcolorwhite=False, batch_size=1, binary=False, cam_est=True, cam_log_dir='cam_est/checkpoint/cam_DISN', cat_limit=168000, category='all', create_obj=False, decay_rate=0.9, decay_step=200000, gpu='0', img_feat_onestream=False, img_feat_twostream=True, img_h=137, img_w=137, iso=0.0, learning_rate=0.0001, log_dir='checkpoint/SDF_DISN', loss_mode='3D', max_epoch=1, multi_view=False, num_classes=1024, num_points=1, num_sample_points=1, rot=False, sdf_res=64, shift=False, store=False, tanh=False, test_lst_dir='./data/filelists', threedcnn=False, view_num=24)
RESULT_OBJ_PATH:  ./demo/
HOSTNAME: machine
checkpoint/SDF_DISN
here we use our cam est network to estimate cam parameters:
WARNING:tensorflow:From /home/matthias/Data/Ubuntu/git/DISN/cam_est/model_cam_old.py:16: The name tf.variable_scope is deprecated. Please use tf.compat.v1.variable_scope instead.

WARNING:tensorflow:From /home/matthias/Data/Ubuntu/git/DISN/cam_est/model_cam_old.py:17: The name tf.placeholder is deprecated. Please use tf.compat.v1.placeholder instead.

Tensor("Placeholder:0", shape=(), dtype=bool, device=/device:GPU:0)
--- cam Get model_cam and loss
WARNING:tensorflow:From /home/matthias/Data/Ubuntu/git/DISN/cam_est/model_cam_old.py:71: The name tf.image.resize_bilinear is deprecated. Please use tf.compat.v1.image.resize_bilinear instead.

WARNING:tensorflow:From /home/matthias/Data/Ubuntu/miniconda3/envs/disn/lib/python3.7/site-packages/tensorflow_core/contrib/layers/python/layers/layers.py:1057: Layer.apply (from tensorflow.python.keras.engine.base_layer) is deprecated and will be removed in a future version.
Instructions for updating:
Please use `layer.__call__` method instead.
odict_keys(['vgg_16/conv1/conv1_1', 'vgg_16/conv1/conv1_2', 'vgg_16/pool1', 'vgg_16/conv2/conv2_1', 'vgg_16/conv2/conv2_2', 'vgg_16/pool2', 'vgg_16/conv3/conv3_1', 'vgg_16/conv3/conv3_2', 'vgg_16/conv3/conv3_3', 'vgg_16/pool3', 'vgg_16/conv4/conv4_1', 'vgg_16/conv4/conv4_2', 'vgg_16/conv4/conv4_3', 'vgg_16/pool4', 'vgg_16/conv5/conv5_1', 'vgg_16/conv5/conv5_2', 'vgg_16/conv5/conv5_3', 'vgg_16/pool5', 'vgg_16/fc6', 'vgg_16/fc7', 'vgg_16/fc8'])
WARNING:tensorflow:From /home/matthias/Data/Ubuntu/git/DISN/utils/tf_util.py:20: The name tf.get_variable is deprecated. Please use tf.compat.v1.get_variable instead.

x (1, 3) y (1, 3) z (1, 3)
matrix (1, 3, 3)
trans_mat (1, 4, 3)
homo_pc.get_shape() (1, 1, 4)
pc_xyz.get_shape() (1, 1, 3)
homo_pc.get_shape() (1, 1, 4)
pc_xyz.get_shape() (1, 1, 3)
gt_xy, pred_xy (1, 1, 2) (1, 1, 2)
WARNING:tensorflow:From /home/matthias/Data/Ubuntu/git/DISN/cam_est/model_cam_old.py:232: get_regularization_losses (from tensorflow.contrib.losses.python.losses.loss_ops) is deprecated and will be removed after 2016-12-30.
Instructions for updating:
Use tf.losses.get_regularization_losses instead.
WARNING:tensorflow:From demo/demo.py:212: The name tf.summary.scalar is deprecated. Please use tf.compat.v1.summary.scalar instead.

--- Get training operator
WARNING:tensorflow:From demo/demo.py:218: The name tf.ConfigProto is deprecated. Please use tf.compat.v1.ConfigProto instead.

WARNING:tensorflow:From demo/demo.py:219: The name tf.GPUOptions is deprecated. Please use tf.compat.v1.GPUOptions instead.

WARNING:tensorflow:From demo/demo.py:224: The name tf.Session is deprecated. Please use tf.compat.v1.Session instead.

2021-09-15 14:45:05.719003: I tensorflow/core/platform/cpu_feature_guard.cc:142] Your CPU supports instructions that this TensorFlow binary was not compiled to use: SSE4.1 SSE4.2 AVX AVX2 FMA
2021-09-15 14:45:05.740778: I tensorflow/core/platform/profile_utils/cpu_utils.cc:94] CPU Frequency: 4200070000 Hz
2021-09-15 14:45:05.741168: I tensorflow/compiler/xla/service/service.cc:168] XLA service 0x5627e4915d70 initialized for platform Host (this does not guarantee that XLA will be used). Devices:
2021-09-15 14:45:05.741202: I tensorflow/compiler/xla/service/service.cc:176]   StreamExecutor device (0): Host, Default Version
2021-09-15 14:45:05.743249: I tensorflow/stream_executor/platform/default/dso_loader.cc:44] Successfully opened dynamic library libcuda.so.1
2021-09-15 14:45:05.846019: I tensorflow/stream_executor/cuda/cuda_gpu_executor.cc:983] successful NUMA node read from SysFS had negative value (-1), but there must be at least one NUMA node, so returning NUMA node zero
2021-09-15 14:45:05.846512: I tensorflow/compiler/xla/service/service.cc:168] XLA service 0x5627e2e0d420 initialized for platform CUDA (this does not guarantee that XLA will be used). Devices:
2021-09-15 14:45:05.846551: I tensorflow/compiler/xla/service/service.cc:176]   StreamExecutor device (0): NVIDIA GeForce RTX 2070 SUPER, Compute Capability 7.5
2021-09-15 14:45:05.846696: I tensorflow/stream_executor/cuda/cuda_gpu_executor.cc:983] successful NUMA node read from SysFS had negative value (-1), but there must be at least one NUMA node, so returning NUMA node zero
2021-09-15 14:45:05.847034: I tensorflow/core/common_runtime/gpu/gpu_device.cc:1618] Found device 0 with properties: 
name: NVIDIA GeForce RTX 2070 SUPER major: 7 minor: 5 memoryClockRate(GHz): 1.785
pciBusID: 0000:09:00.0
2021-09-15 14:45:05.847396: I tensorflow/stream_executor/platform/default/dso_loader.cc:44] Successfully opened dynamic library libcudart.so.10.0
2021-09-15 14:45:05.848349: I tensorflow/stream_executor/platform/default/dso_loader.cc:44] Successfully opened dynamic library libcublas.so.10.0
2021-09-15 14:45:05.849240: I tensorflow/stream_executor/platform/default/dso_loader.cc:44] Successfully opened dynamic library libcufft.so.10.0
2021-09-15 14:45:05.849580: I tensorflow/stream_executor/platform/default/dso_loader.cc:44] Successfully opened dynamic library libcurand.so.10.0
2021-09-15 14:45:05.850734: I tensorflow/stream_executor/platform/default/dso_loader.cc:44] Successfully opened dynamic library libcusolver.so.10.0
2021-09-15 14:45:05.851583: I tensorflow/stream_executor/platform/default/dso_loader.cc:44] Successfully opened dynamic library libcusparse.so.10.0
2021-09-15 14:45:05.853884: I tensorflow/stream_executor/platform/default/dso_loader.cc:44] Successfully opened dynamic library libcudnn.so.7
2021-09-15 14:45:05.853988: I tensorflow/stream_executor/cuda/cuda_gpu_executor.cc:983] successful NUMA node read from SysFS had negative value (-1), but there must be at least one NUMA node, so returning NUMA node zero
2021-09-15 14:45:05.854357: I tensorflow/stream_executor/cuda/cuda_gpu_executor.cc:983] successful NUMA node read from SysFS had negative value (-1), but there must be at least one NUMA node, so returning NUMA node zero
2021-09-15 14:45:05.854734: I tensorflow/core/common_runtime/gpu/gpu_device.cc:1746] Adding visible gpu devices: 0
2021-09-15 14:45:05.854775: I tensorflow/stream_executor/platform/default/dso_loader.cc:44] Successfully opened dynamic library libcudart.so.10.0
2021-09-15 14:45:05.855195: I tensorflow/core/common_runtime/gpu/gpu_device.cc:1159] Device interconnect StreamExecutor with strength 1 edge matrix:
2021-09-15 14:45:05.855218: I tensorflow/core/common_runtime/gpu/gpu_device.cc:1165]      0 
2021-09-15 14:45:05.855238: I tensorflow/core/common_runtime/gpu/gpu_device.cc:1178] 0:   N 
2021-09-15 14:45:05.855317: I tensorflow/stream_executor/cuda/cuda_gpu_executor.cc:983] successful NUMA node read from SysFS had negative value (-1), but there must be at least one NUMA node, so returning NUMA node zero
2021-09-15 14:45:05.855659: I tensorflow/stream_executor/cuda/cuda_gpu_executor.cc:983] successful NUMA node read from SysFS had negative value (-1), but there must be at least one NUMA node, so returning NUMA node zero
2021-09-15 14:45:05.855980: I tensorflow/core/common_runtime/gpu/gpu_device.cc:1304] Created TensorFlow device (/job:localhost/replica:0/task:0/device:GPU:0 with 6910 MB memory) -> physical GPU (device: 0, name: NVIDIA GeForce RTX 2070 SUPER, pci bus id: 0000:09:00.0, compute capability: 7.5)
WARNING:tensorflow:From demo/demo.py:226: The name tf.global_variables_initializer is deprecated. Please use tf.compat.v1.global_variables_initializer instead.

2021-09-15 14:45:05.864839: W tensorflow/core/common_runtime/colocation_graph.cc:983] Failed to place the graph without changing the devices of some resources. Some of the operations (that had to be colocated with resource generating operations) are not supported on the resources' devices. Current candidate devices are [
  /job:localhost/replica:0/task:0/device:CPU:0].
See below for details of this colocation group:
Colocation Debug Info:
Colocation group had the following types and supported devices: 
Root Member(assigned_device_name_index_=-1 requested_device_name_='/device:GPU:0' assigned_device_name_='' resource_device_name_='/device:GPU:0' supported_device_types_=[CPU] possible_devices_=[]
Identity: GPU CPU XLA_CPU XLA_GPU 
Assign: CPU 
VariableV2: CPU 

Colocation members, user-requested devices, and framework assigned devices, if any:
  batch (VariableV2) /device:GPU:0
  batch/Assign (Assign) /device:GPU:0
  batch/read (Identity) /device:GPU:0

WARNING:tensorflow:From demo/demo.py:231: The name tf.train.Saver is deprecated. Please use tf.compat.v1.train.Saver instead.

WARNING:tensorflow:From demo/demo.py:231: The name tf.get_collection_ref is deprecated. Please use tf.compat.v1.get_collection_ref instead.

WARNING:tensorflow:From demo/demo.py:231: The name tf.GraphKeys is deprecated. Please use tf.compat.v1.GraphKeys instead.

model_cam loaded in file: cam_est/checkpoint/cam_DISN/latest.ckpt
2021-09-15 14:45:06.591790: I tensorflow/stream_executor/platform/default/dso_loader.cc:44] Successfully opened dynamic library libcublas.so.10.0
2021-09-15 14:45:06.697011: I tensorflow/stream_executor/platform/default/dso_loader.cc:44] Successfully opened dynamic library libcudnn.so.7
pred_trans_mat_val [[[-66.2053       3.047573    -0.37013683]
  [-15.54538    -81.84503     -0.22653782]
  [-45.68309     -1.9617786    0.24275714]
  [100.04551     99.63471      1.4153073 ]]]
Tensor("Placeholder:0", shape=(), dtype=bool)
--- Get model and loss
homo_pc.get_shape() (1, 137313, 4)
pc_xyz.get_shape() (1, 137313, 3)
point_vgg_conv1 (1, 137313, 64)
point_vgg_conv2 (1, 137313, 128)
point_vgg_conv3 (1, 137313, 256)
point_vgg_conv4 (1, 137313, 512)
point_vgg_conv5 (1, 137313, 512)
point_img_feat (1, 137313, 1, 1472)
WARNING:tensorflow:From /home/matthias/Data/Ubuntu/git/DISN/utils/tf_util.py:47: The name tf.add_to_collection is deprecated. Please use tf.compat.v1.add_to_collection instead.

net2 (1, 137313, 1, 512)
globalfeats_expand (1, 137313, 1, 1024)
gt_sdf (1, 137313, 1)
pred_sdf (1, 137313, 1)
WARNING:tensorflow:From /home/matthias/Data/Ubuntu/git/DISN/models/model_normalization.py:285: to_float (from tensorflow.python.ops.math_ops) is deprecated and will be removed in a future version.
Instructions for updating:
Use `tf.cast` instead.
WARNING:tensorflow:From /home/matthias/Data/Ubuntu/git/DISN/models/model_normalization.py:296: The name tf.get_collection is deprecated. Please use tf.compat.v1.get_collection instead.

2021-09-15 14:45:08.298308: I tensorflow/stream_executor/cuda/cuda_gpu_executor.cc:983] successful NUMA node read from SysFS had negative value (-1), but there must be at least one NUMA node, so returning NUMA node zero
2021-09-15 14:45:08.298547: I tensorflow/core/common_runtime/gpu/gpu_device.cc:1618] Found device 0 with properties: 
name: NVIDIA GeForce RTX 2070 SUPER major: 7 minor: 5 memoryClockRate(GHz): 1.785
pciBusID: 0000:09:00.0
2021-09-15 14:45:08.298605: I tensorflow/stream_executor/platform/default/dso_loader.cc:44] Successfully opened dynamic library libcudart.so.10.0
2021-09-15 14:45:08.298630: I tensorflow/stream_executor/platform/default/dso_loader.cc:44] Successfully opened dynamic library libcublas.so.10.0
2021-09-15 14:45:08.298674: I tensorflow/stream_executor/platform/default/dso_loader.cc:44] Successfully opened dynamic library libcufft.so.10.0
2021-09-15 14:45:08.298697: I tensorflow/stream_executor/platform/default/dso_loader.cc:44] Successfully opened dynamic library libcurand.so.10.0
2021-09-15 14:45:08.298720: I tensorflow/stream_executor/platform/default/dso_loader.cc:44] Successfully opened dynamic library libcusolver.so.10.0
2021-09-15 14:45:08.298742: I tensorflow/stream_executor/platform/default/dso_loader.cc:44] Successfully opened dynamic library libcusparse.so.10.0
2021-09-15 14:45:08.298764: I tensorflow/stream_executor/platform/default/dso_loader.cc:44] Successfully opened dynamic library libcudnn.so.7
2021-09-15 14:45:08.298814: I tensorflow/stream_executor/cuda/cuda_gpu_executor.cc:983] successful NUMA node read from SysFS had negative value (-1), but there must be at least one NUMA node, so returning NUMA node zero
2021-09-15 14:45:08.299023: I tensorflow/stream_executor/cuda/cuda_gpu_executor.cc:983] successful NUMA node read from SysFS had negative value (-1), but there must be at least one NUMA node, so returning NUMA node zero
2021-09-15 14:45:08.299200: I tensorflow/core/common_runtime/gpu/gpu_device.cc:1746] Adding visible gpu devices: 0
2021-09-15 14:45:08.299231: I tensorflow/core/common_runtime/gpu/gpu_device.cc:1159] Device interconnect StreamExecutor with strength 1 edge matrix:
2021-09-15 14:45:08.299248: I tensorflow/core/common_runtime/gpu/gpu_device.cc:1165]      0 
2021-09-15 14:45:08.299265: I tensorflow/core/common_runtime/gpu/gpu_device.cc:1178] 0:   N 
2021-09-15 14:45:08.299332: I tensorflow/stream_executor/cuda/cuda_gpu_executor.cc:983] successful NUMA node read from SysFS had negative value (-1), but there must be at least one NUMA node, so returning NUMA node zero
2021-09-15 14:45:08.299540: I tensorflow/stream_executor/cuda/cuda_gpu_executor.cc:983] successful NUMA node read from SysFS had negative value (-1), but there must be at least one NUMA node, so returning NUMA node zero
2021-09-15 14:45:08.299725: I tensorflow/core/common_runtime/gpu/gpu_device.cc:1304] Created TensorFlow device (/job:localhost/replica:0/task:0/device:GPU:0 with 6910 MB memory) -> physical GPU (device: 0, name: NVIDIA GeForce RTX 2070 SUPER, pci bus id: 0000:09:00.0, compute capability: 7.5)
Model loaded in file: checkpoint/SDF_DISN/latest.ckpt
2021-09-15 14:45:08.615890
all_pts (2, 1, 137313, 3)
submit create_obj
command: ./isosurface/computeMarchingCubes ./demo/result.dist ./demo/result.obj -i 0.0
./isosurface/computeMarchingCubes: error while loading shared libraries: libmkl_intel_lp64.so: cannot open shared object file: No such file or directory
command: rm -rf ./demo/result.dist
